<?xml version="1.0" encoding="UTF-8"?>
<testng-results skipped="0" failed="0" ignored="0" total="1" passed="1">
  <reporter-output>
  </reporter-output>
  <suite name="Suite" duration-ms="38945" started-at="2018-09-18T10:24:04Z" finished-at="2018-09-18T10:24:43Z">
    <groups>
    </groups>
    <test name="Test" duration-ms="38945" started-at="2018-09-18T10:24:04Z" finished-at="2018-09-18T10:24:43Z">
      <class name="GitHub.App">
        <test-method status="PASS" signature="testMaven()[pri:0, instance:GitHub.App@17f6480]" name="testMaven" duration-ms="38896" started-at="2018-09-18T10:24:04Z" finished-at="2018-09-18T10:24:43Z">
          <reporter-output>
          </reporter-output>
        </test-method> <!-- testMaven -->
      </class> <!-- GitHub.App -->
    </test> <!-- Test -->
  </suite> <!-- Suite -->
</testng-results>
